{"/home/ilyakartashou/frontend-project-46/index.js": {"path":"/home/ilyakartashou/frontend-project-46/index.js","all":false,"statementMap":{"0":{"start":{"line":1,"column":0},"end":{"line":1,"column":39}},"1":{"start":{"line":2,"column":0},"end":{"line":2,"column":0}},"2":{"start":{"line":3,"column":0},"end":{"line":3,"column":23}}},"s":{"0":1,"1":1,"2":1},"branchMap":{},"b":{},"fnMap":{},"f":{}}
,"/home/ilyakartashou/frontend-project-46/src/genDiff.js": {"path":"/home/ilyakartashou/frontend-project-46/src/genDiff.js","all":false,"statementMap":{"0":{"start":{"line":1,"column":0},"end":{"line":1,"column":41}},"1":{"start":{"line":2,"column":0},"end":{"line":2,"column":0}},"2":{"start":{"line":3,"column":0},"end":{"line":3,"column":73}}},"s":{"0":1,"1":1,"2":1},"branchMap":{"0":{"type":"branch","line":3,"loc":{"start":{"line":3,"column":15},"end":{"line":3,"column":72}},"locations":[{"start":{"line":3,"column":15},"end":{"line":3,"column":72}}]}},"b":{"0":[1]},"fnMap":{"0":{"name":"default","decl":{"start":{"line":3,"column":15},"end":{"line":3,"column":72}},"loc":{"start":{"line":3,"column":15},"end":{"line":3,"column":72}},"line":3}},"f":{"0":1}}
,"/home/ilyakartashou/frontend-project-46/src/parse.js": {"path":"/home/ilyakartashou/frontend-project-46/src/parse.js","all":false,"statementMap":{"0":{"start":{"line":1,"column":0},"end":{"line":1,"column":24}},"1":{"start":{"line":2,"column":0},"end":{"line":2,"column":27}},"2":{"start":{"line":3,"column":0},"end":{"line":3,"column":20}},"3":{"start":{"line":4,"column":0},"end":{"line":4,"column":0}},"4":{"start":{"line":5,"column":0},"end":{"line":5,"column":72}},"5":{"start":{"line":6,"column":0},"end":{"line":6,"column":0}},"6":{"start":{"line":7,"column":0},"end":{"line":7,"column":72}},"7":{"start":{"line":8,"column":0},"end":{"line":8,"column":0}},"8":{"start":{"line":9,"column":0},"end":{"line":9,"column":78}},"9":{"start":{"line":10,"column":0},"end":{"line":10,"column":17}},"10":{"start":{"line":11,"column":0},"end":{"line":11,"column":19}},"11":{"start":{"line":12,"column":0},"end":{"line":12,"column":18}},"12":{"start":{"line":13,"column":0},"end":{"line":13,"column":17}},"13":{"start":{"line":14,"column":0},"end":{"line":14,"column":2}},"14":{"start":{"line":15,"column":0},"end":{"line":15,"column":29}},"15":{"start":{"line":16,"column":0},"end":{"line":16,"column":33}},"16":{"start":{"line":17,"column":0},"end":{"line":17,"column":45}},"17":{"start":{"line":18,"column":0},"end":{"line":18,"column":31}},"18":{"start":{"line":19,"column":0},"end":{"line":19,"column":2}},"19":{"start":{"line":20,"column":0},"end":{"line":20,"column":21}}},"s":{"0":1,"1":1,"2":1,"3":1,"4":1,"5":1,"6":1,"7":1,"8":1,"9":1,"10":1,"11":1,"12":1,"13":1,"14":1,"15":2,"16":2,"17":2,"18":2,"19":1},"branchMap":{"0":{"type":"branch","line":5,"loc":{"start":{"line":5,"column":21},"end":{"line":5,"column":71}},"locations":[{"start":{"line":5,"column":21},"end":{"line":5,"column":71}}]},"1":{"type":"branch","line":7,"loc":{"start":{"line":7,"column":27},"end":{"line":7,"column":71}},"locations":[{"start":{"line":7,"column":27},"end":{"line":7,"column":71}}]},"2":{"type":"branch","line":9,"loc":{"start":{"line":9,"column":17},"end":{"line":9,"column":77}},"locations":[{"start":{"line":9,"column":17},"end":{"line":9,"column":77}}]},"3":{"type":"branch","line":15,"loc":{"start":{"line":15,"column":15},"end":{"line":19,"column":2}},"locations":[{"start":{"line":15,"column":15},"end":{"line":19,"column":2}}]}},"b":{"0":[2],"1":[2],"2":[2],"3":[2]},"fnMap":{"0":{"name":"getFullPath","decl":{"start":{"line":5,"column":21},"end":{"line":5,"column":71}},"loc":{"start":{"line":5,"column":21},"end":{"line":5,"column":71}},"line":5},"1":{"name":"extractFileFormat","decl":{"start":{"line":7,"column":27},"end":{"line":7,"column":71}},"loc":{"start":{"line":7,"column":27},"end":{"line":7,"column":71}},"line":7},"2":{"name":"getData","decl":{"start":{"line":9,"column":17},"end":{"line":9,"column":77}},"loc":{"start":{"line":9,"column":17},"end":{"line":9,"column":77}},"line":9},"3":{"name":"parse","decl":{"start":{"line":15,"column":15},"end":{"line":19,"column":2}},"loc":{"start":{"line":15,"column":15},"end":{"line":19,"column":2}},"line":15}},"f":{"0":2,"1":2,"2":2,"3":2}}
,"/home/ilyakartashou/frontend-project-46/src/treeBuilder.js": {"path":"/home/ilyakartashou/frontend-project-46/src/treeBuilder.js","all":false,"statementMap":{"0":{"start":{"line":1,"column":0},"end":{"line":1,"column":23}},"1":{"start":{"line":2,"column":0},"end":{"line":2,"column":31}},"2":{"start":{"line":3,"column":0},"end":{"line":3,"column":0}},"3":{"start":{"line":4,"column":0},"end":{"line":4,"column":42}},"4":{"start":{"line":5,"column":0},"end":{"line":5,"column":33}},"5":{"start":{"line":6,"column":0},"end":{"line":6,"column":33}},"6":{"start":{"line":7,"column":0},"end":{"line":7,"column":35}},"7":{"start":{"line":8,"column":0},"end":{"line":8,"column":35}},"8":{"start":{"line":9,"column":0},"end":{"line":9,"column":42}},"9":{"start":{"line":10,"column":0},"end":{"line":10,"column":57}},"10":{"start":{"line":11,"column":0},"end":{"line":11,"column":37}},"11":{"start":{"line":12,"column":0},"end":{"line":12,"column":56}},"12":{"start":{"line":13,"column":0},"end":{"line":13,"column":44}},"13":{"start":{"line":14,"column":0},"end":{"line":14,"column":56}},"14":{"start":{"line":15,"column":0},"end":{"line":15,"column":43}},"15":{"start":{"line":16,"column":0},"end":{"line":16,"column":56}},"16":{"start":{"line":17,"column":0},"end":{"line":17,"column":56}},"17":{"start":{"line":18,"column":0},"end":{"line":18,"column":12}},"18":{"start":{"line":19,"column":0},"end":{"line":19,"column":56}},"19":{"start":{"line":20,"column":0},"end":{"line":20,"column":5}},"20":{"start":{"line":21,"column":0},"end":{"line":21,"column":15}},"21":{"start":{"line":22,"column":0},"end":{"line":22,"column":9}},"22":{"start":{"line":23,"column":0},"end":{"line":23,"column":50}},"23":{"start":{"line":24,"column":0},"end":{"line":24,"column":68}},"24":{"start":{"line":25,"column":0},"end":{"line":25,"column":16}},"25":{"start":{"line":26,"column":0},"end":{"line":26,"column":0}},"26":{"start":{"line":27,"column":0},"end":{"line":27,"column":27}},"27":{"start":{"line":28,"column":0},"end":{"line":28,"column":2}}},"s":{"0":1,"1":1,"2":1,"3":1,"4":1,"5":1,"6":1,"7":1,"8":1,"9":1,"10":5,"11":1,"12":5,"13":2,"14":2,"15":1,"16":1,"17":1,"18":1,"19":1,"20":5,"21":1,"22":1,"23":1,"24":1,"25":1,"26":1,"27":1},"branchMap":{"0":{"type":"branch","line":4,"loc":{"start":{"line":4,"column":15},"end":{"line":28,"column":2}},"locations":[{"start":{"line":4,"column":15},"end":{"line":28,"column":2}}]},"1":{"type":"branch","line":10,"loc":{"start":{"line":10,"column":42},"end":{"line":22,"column":3}},"locations":[{"start":{"line":10,"column":42},"end":{"line":22,"column":3}}]},"2":{"type":"branch","line":11,"loc":{"start":{"line":11,"column":36},"end":{"line":13,"column":5}},"locations":[{"start":{"line":11,"column":36},"end":{"line":13,"column":5}}]},"3":{"type":"branch","line":13,"loc":{"start":{"line":13,"column":5},"end":{"line":20,"column":5}},"locations":[{"start":{"line":13,"column":5},"end":{"line":20,"column":5}}]},"4":{"type":"branch","line":13,"loc":{"start":{"line":13,"column":43},"end":{"line":20,"column":5}},"locations":[{"start":{"line":13,"column":43},"end":{"line":20,"column":5}}]},"5":{"type":"branch","line":15,"loc":{"start":{"line":15,"column":42},"end":{"line":20,"column":5}},"locations":[{"start":{"line":15,"column":42},"end":{"line":20,"column":5}}]},"6":{"type":"branch","line":24,"loc":{"start":{"line":24,"column":9},"end":{"line":24,"column":67}},"locations":[{"start":{"line":24,"column":9},"end":{"line":24,"column":67}}]}},"b":{"0":[1],"1":[5],"2":[1],"3":[4],"4":[2],"5":[1],"6":[6]},"fnMap":{"0":{"name":"default","decl":{"start":{"line":4,"column":15},"end":{"line":28,"column":2}},"loc":{"start":{"line":4,"column":15},"end":{"line":28,"column":2}},"line":4}},"f":{"0":1}}
}
